<?xml version="1.0" encoding="UTF-8"?>
<!-- Generated by org.testng.reporters.JUnitXMLReporter -->
<testsuite ignored="0" hostname="drucare-lap-06" failures="0" tests="2" name="Test" time="51.207" errors="0" timestamp="2025-02-03T17:49:59 IST">
  <testcase classname="testBase.BaseClass" name="@BeforeClass setup" time="19.061">
    <failure type="org.openqa.selenium.ElementClickInterceptedException" message="element click intercepted: Element &amp;lt;i _ngcontent-mek-c5=&amp;quot;&amp;quot; class=&amp;quot;mdi mdi-chevron-right&amp;quot;&amp;gt;&amp;lt;/i&amp;gt; is not clickable at point (67, 273). Other element would receive the click: &amp;lt;p _ngcontent-mek-c5=&amp;quot;&amp;quot; class=&amp;quot;col-sm-8&amp;quot;&amp;gt;...&amp;lt;/p&amp;gt;
  (Session info: chrome=132.0.6834.160)
Build info: version: &amp;apos;4.28.1&amp;apos;, revision: &amp;apos;73f5ad48a2&amp;apos;
System info: os.name: &amp;apos;Windows 10&amp;apos;, os.arch: &amp;apos;amd64&amp;apos;, os.version: &amp;apos;10.0&amp;apos;, java.version: &amp;apos;22.0.2&amp;apos;
Driver info: org.openqa.selenium.chrome.ChromeDriver
Command: [b50af8424b4eb0be1bc29c24d9c0dcb7, clickElement {id=f.32C552C2CE0A37BC93F2820344A094B5.d.1B43F87C23608855A9F5532E9621A246.e.28}]
Capabilities {acceptInsecureCerts: false, browserName: chrome, browserVersion: 132.0.6834.160, chrome: {chromedriverVersion: 132.0.6834.159 (2d77d3fc445..., userDataDir: C:\Users\Lap-06\AppData\Loc...}, fedcm:accounts: true, goog:chromeOptions: {debuggerAddress: localhost:55680}, networkConnectionEnabled: false, pageLoadStrategy: normal, platformName: windows, proxy: Proxy(), se:cdp: ws://localhost:55680/devtoo..., se:cdpVersion: 132.0.6834.160, setWindowRect: true, strictFileInteractability: false, timeouts: {implicit: 0, pageLoad: 300000, script: 30000}, unhandledPromptBehavior: dismiss and notify, webauthn:extension:credBlob: true, webauthn:extension:largeBlob: true, webauthn:extension:minPinLength: true, webauthn:extension:prf: true, webauthn:virtualAuthenticators: true}
Element: [[ChromeDriver: chrome on windows (b50af8424b4eb0be1bc29c24d9c0dcb7)] -&amp;gt; xpath: //li[3]//span[2]//i[1]]
Session ID: b50af8424b4eb0be1bc29c24d9c0dcb7">
      <![CDATA[org.openqa.selenium.ElementClickInterceptedException: element click intercepted: Element <i _ngcontent-mek-c5="" class="mdi mdi-chevron-right"></i> is not clickable at point (67, 273). Other element would receive the click: <p _ngcontent-mek-c5="" class="col-sm-8">...</p>
  (Session info: chrome=132.0.6834.160)
Build info: version: '4.28.1', revision: '73f5ad48a2'
System info: os.name: 'Windows 10', os.arch: 'amd64', os.version: '10.0', java.version: '22.0.2'
Driver info: org.openqa.selenium.chrome.ChromeDriver
Command: [b50af8424b4eb0be1bc29c24d9c0dcb7, clickElement {id=f.32C552C2CE0A37BC93F2820344A094B5.d.1B43F87C23608855A9F5532E9621A246.e.28}]
Capabilities {acceptInsecureCerts: false, browserName: chrome, browserVersion: 132.0.6834.160, chrome: {chromedriverVersion: 132.0.6834.159 (2d77d3fc445..., userDataDir: C:\Users\Lap-06\AppData\Loc...}, fedcm:accounts: true, goog:chromeOptions: {debuggerAddress: localhost:55680}, networkConnectionEnabled: false, pageLoadStrategy: normal, platformName: windows, proxy: Proxy(), se:cdp: ws://localhost:55680/devtoo..., se:cdpVersion: 132.0.6834.160, setWindowRect: true, strictFileInteractability: false, timeouts: {implicit: 0, pageLoad: 300000, script: 30000}, unhandledPromptBehavior: dismiss and notify, webauthn:extension:credBlob: true, webauthn:extension:largeBlob: true, webauthn:extension:minPinLength: true, webauthn:extension:prf: true, webauthn:virtualAuthenticators: true}
Element: [[ChromeDriver: chrome on windows (b50af8424b4eb0be1bc29c24d9c0dcb7)] -> xpath: //li[3]//span[2]//i[1]]
Session ID: b50af8424b4eb0be1bc29c24d9c0dcb7
at org.openqa.selenium.remote.ErrorCodec.decode(ErrorCodec.java:167)
at org.openqa.selenium.remote.codec.w3c.W3CHttpResponseCodec.decode(W3CHttpResponseCodec.java:138)
at org.openqa.selenium.remote.codec.w3c.W3CHttpResponseCodec.decode(W3CHttpResponseCodec.java:50)
at org.openqa.selenium.remote.HttpCommandExecutor.execute(HttpCommandExecutor.java:215)
at org.openqa.selenium.remote.service.DriverCommandExecutor.invokeExecute(DriverCommandExecutor.java:216)
at org.openqa.selenium.remote.service.DriverCommandExecutor.execute(DriverCommandExecutor.java:174)
at org.openqa.selenium.remote.RemoteWebDriver.execute(RemoteWebDriver.java:545)
at org.openqa.selenium.remote.RemoteWebElement.execute(RemoteWebElement.java:223)
at org.openqa.selenium.remote.RemoteWebElement.click(RemoteWebElement.java:76)
at org.openqa.selenium.support.pagefactory.internal.LocatingElementHandler.invoke(LocatingElementHandler.java:51)
at jdk.proxy2/jdk.proxy2.$Proxy28.click(Unknown Source)
at pageObjects.Patient_Registartion.MenuArrow(Patient_Registartion.java:27)
at testBase.BaseClass.setup(BaseClass.java:78)
at java.base/java.util.ArrayList.forEach(ArrayList.java:1597)
... Removed 28 stack frames]]>
    </failure>
  </testcase> <!-- @BeforeClass setup -->
  <testcase classname="testCases.TC001_login_Into_App" name="Verifying_login" time="0.001">
    <skipped/>
  </testcase> <!-- Verifying_login -->
  <testcase classname="testCases.TC002_Registering_patient" name="Creating_Firstname" time="7.99"/>
</testsuite> <!-- Test -->
